<?xml version="1.0" encoding="UTF-8"?>
<testng-results skipped="0" failed="3" ignored="0" total="3" passed="0">
  <reporter-output>
  </reporter-output>
  <suite name="Suite" duration-ms="93406" started-at="2018-05-27T13:11:57Z" finished-at="2018-05-27T13:13:30Z">
    <groups>
    </groups>
    <test name="Test" duration-ms="93406" started-at="2018-05-27T13:11:57Z" finished-at="2018-05-27T13:13:30Z">
      <class name="testcases.TC003_CreateLead">
        <test-method status="PASS" signature="beforeSuite()[pri:0, instance:testcases.TC003_CreateLead@136e911]" name="beforeSuite" is-config="true" duration-ms="647" started-at="2018-05-27T13:11:56Z" finished-at="2018-05-27T13:11:57Z">
          <reporter-output>
          </reporter-output>
        </test-method> <!-- beforeSuite -->
        <test-method status="PASS" signature="setData()[pri:0, instance:testcases.TC003_CreateLead@136e911]" name="setData" is-config="true" duration-ms="0" started-at="2018-05-27T13:11:57Z" finished-at="2018-05-27T13:11:57Z">
          <reporter-output>
          </reporter-output>
        </test-method> <!-- setData -->
        <test-method status="PASS" signature="beforeClass()[pri:0, instance:testcases.TC003_CreateLead@136e911]" name="beforeClass" is-config="true" duration-ms="0" started-at="2018-05-27T13:11:57Z" finished-at="2018-05-27T13:11:57Z">
          <reporter-output>
          </reporter-output>
        </test-method> <!-- beforeClass -->
        <test-method status="PASS" signature="beforeMethod()[pri:0, instance:testcases.TC003_CreateLead@136e911]" name="beforeMethod" is-config="true" duration-ms="9609" started-at="2018-05-27T13:11:57Z" finished-at="2018-05-27T13:12:07Z">
          <reporter-output>
          </reporter-output>
        </test-method> <!-- beforeMethod -->
        <test-method status="FAIL" signature="CreateLead(java.lang.String, java.lang.String, java.lang.String, java.lang.String, java.lang.String, java.lang.String)[pri:0, instance:testcases.TC003_CreateLead@136e911]" name="CreateLead" duration-ms="20933" started-at="2018-05-27T13:12:07Z" data-provider="fetchData" finished-at="2018-05-27T13:12:28Z">
          <params>
            <param index="0">
              <value>
                <![CDATA[DemoSalesManager]]>
              </value>
            </param>
            <param index="1">
              <value>
                <![CDATA[crmsfa]]>
              </value>
            </param>
            <param index="2">
              <value>
                <![CDATA[CTS]]>
              </value>
            </param>
            <param index="3">
              <value>
                <![CDATA[Karthik]]>
              </value>
            </param>
            <param index="4">
              <value>
                <![CDATA[A]]>
              </value>
            </param>
            <param index="5">
              <value>
                <![CDATA[Karthik]]>
              </value>
            </param>
          </params>
          <exception class="java.lang.RuntimeException">
            <full-stacktrace>
              <![CDATA[java.lang.RuntimeException
at utils.Reporter.reportStep(Reporter.java:60)
at utils.Reporter.reportStep(Reporter.java:70)
at wdMethods.SeMethods.type(SeMethods.java:122)
at pages.LoginPage.enterUserName(LoginPage.java:26)
at testcases.TC003_CreateLead.CreateLead(TC003_CreateLead.java:25)
at sun.reflect.NativeMethodAccessorImpl.invoke0(Native Method)
at sun.reflect.NativeMethodAccessorImpl.invoke(Unknown Source)
at sun.reflect.DelegatingMethodAccessorImpl.invoke(Unknown Source)
at java.lang.reflect.Method.invoke(Unknown Source)
at org.testng.internal.MethodInvocationHelper.invokeMethod(MethodInvocationHelper.java:124)
at org.testng.internal.Invoker.invokeMethod(Invoker.java:583)
at org.testng.internal.Invoker.invokeTestMethod(Invoker.java:719)
at org.testng.internal.Invoker.invokeTestMethods(Invoker.java:989)
at org.testng.internal.TestMethodWorker.invokeTestMethods(TestMethodWorker.java:125)
at org.testng.internal.TestMethodWorker.run(TestMethodWorker.java:109)
at org.testng.TestRunner.privateRun(TestRunner.java:648)
at org.testng.TestRunner.run(TestRunner.java:505)
at org.testng.SuiteRunner.runTest(SuiteRunner.java:455)
at org.testng.SuiteRunner.runSequentially(SuiteRunner.java:450)
at org.testng.SuiteRunner.privateRun(SuiteRunner.java:415)
at org.testng.SuiteRunner.run(SuiteRunner.java:364)
at org.testng.SuiteRunnerWorker.runSuite(SuiteRunnerWorker.java:52)
at org.testng.SuiteRunnerWorker.run(SuiteRunnerWorker.java:84)
at org.testng.TestNG.runSuitesSequentially(TestNG.java:1208)
at org.testng.TestNG.runSuitesLocally(TestNG.java:1137)
at org.testng.TestNG.runSuites(TestNG.java:1049)
at org.testng.TestNG.run(TestNG.java:1017)
at org.testng.remote.AbstractRemoteTestNG.run(AbstractRemoteTestNG.java:114)
at org.testng.remote.RemoteTestNG.initAndRun(RemoteTestNG.java:251)
at org.testng.remote.RemoteTestNG.main(RemoteTestNG.java:77)
]]>
            </full-stacktrace>
          </exception> <!-- java.lang.RuntimeException -->
          <reporter-output>
          </reporter-output>
        </test-method> <!-- CreateLead -->
        <test-method status="PASS" signature="afterMethod()[pri:0, instance:testcases.TC003_CreateLead@136e911]" name="afterMethod" is-config="true" duration-ms="810" started-at="2018-05-27T13:12:28Z" finished-at="2018-05-27T13:12:29Z">
          <reporter-output>
          </reporter-output>
        </test-method> <!-- afterMethod -->
        <test-method status="PASS" signature="beforeMethod()[pri:0, instance:testcases.TC003_CreateLead@136e911]" name="beforeMethod" is-config="true" duration-ms="8839" started-at="2018-05-27T13:12:29Z" finished-at="2018-05-27T13:12:37Z">
          <reporter-output>
          </reporter-output>
        </test-method> <!-- beforeMethod -->
        <test-method status="FAIL" signature="CreateLead(java.lang.String, java.lang.String, java.lang.String, java.lang.String, java.lang.String, java.lang.String)[pri:0, instance:testcases.TC003_CreateLead@136e911]" name="CreateLead" duration-ms="20897" started-at="2018-05-27T13:12:37Z" data-provider="fetchData" finished-at="2018-05-27T13:12:58Z">
          <params>
            <param index="0">
              <value>
                <![CDATA[DemoSalesManager]]>
              </value>
            </param>
            <param index="1">
              <value>
                <![CDATA[crmsfa]]>
              </value>
            </param>
            <param index="2">
              <value>
                <![CDATA[Wipro]]>
              </value>
            </param>
            <param index="3">
              <value>
                <![CDATA[Velu]]>
              </value>
            </param>
            <param index="4">
              <value>
                <![CDATA[R]]>
              </value>
            </param>
            <param index="5">
              <value>
                <![CDATA[Velu]]>
              </value>
            </param>
          </params>
          <exception class="java.lang.RuntimeException">
            <full-stacktrace>
              <![CDATA[java.lang.RuntimeException
at utils.Reporter.reportStep(Reporter.java:60)
at utils.Reporter.reportStep(Reporter.java:70)
at wdMethods.SeMethods.type(SeMethods.java:122)
at pages.LoginPage.enterUserName(LoginPage.java:26)
at testcases.TC003_CreateLead.CreateLead(TC003_CreateLead.java:25)
at sun.reflect.NativeMethodAccessorImpl.invoke0(Native Method)
at sun.reflect.NativeMethodAccessorImpl.invoke(Unknown Source)
at sun.reflect.DelegatingMethodAccessorImpl.invoke(Unknown Source)
at java.lang.reflect.Method.invoke(Unknown Source)
at org.testng.internal.MethodInvocationHelper.invokeMethod(MethodInvocationHelper.java:124)
at org.testng.internal.Invoker.invokeMethod(Invoker.java:583)
at org.testng.internal.Invoker.invokeTestMethod(Invoker.java:719)
at org.testng.internal.Invoker.invokeTestMethods(Invoker.java:989)
at org.testng.internal.TestMethodWorker.invokeTestMethods(TestMethodWorker.java:125)
at org.testng.internal.TestMethodWorker.run(TestMethodWorker.java:109)
at org.testng.TestRunner.privateRun(TestRunner.java:648)
at org.testng.TestRunner.run(TestRunner.java:505)
at org.testng.SuiteRunner.runTest(SuiteRunner.java:455)
at org.testng.SuiteRunner.runSequentially(SuiteRunner.java:450)
at org.testng.SuiteRunner.privateRun(SuiteRunner.java:415)
at org.testng.SuiteRunner.run(SuiteRunner.java:364)
at org.testng.SuiteRunnerWorker.runSuite(SuiteRunnerWorker.java:52)
at org.testng.SuiteRunnerWorker.run(SuiteRunnerWorker.java:84)
at org.testng.TestNG.runSuitesSequentially(TestNG.java:1208)
at org.testng.TestNG.runSuitesLocally(TestNG.java:1137)
at org.testng.TestNG.runSuites(TestNG.java:1049)
at org.testng.TestNG.run(TestNG.java:1017)
at org.testng.remote.AbstractRemoteTestNG.run(AbstractRemoteTestNG.java:114)
at org.testng.remote.RemoteTestNG.initAndRun(RemoteTestNG.java:251)
at org.testng.remote.RemoteTestNG.main(RemoteTestNG.java:77)
]]>
            </full-stacktrace>
          </exception> <!-- java.lang.RuntimeException -->
          <reporter-output>
          </reporter-output>
        </test-method> <!-- CreateLead -->
        <test-method status="PASS" signature="afterMethod()[pri:0, instance:testcases.TC003_CreateLead@136e911]" name="afterMethod" is-config="true" duration-ms="776" started-at="2018-05-27T13:12:58Z" finished-at="2018-05-27T13:12:59Z">
          <reporter-output>
          </reporter-output>
        </test-method> <!-- afterMethod -->
        <test-method status="PASS" signature="beforeMethod()[pri:0, instance:testcases.TC003_CreateLead@136e911]" name="beforeMethod" is-config="true" duration-ms="8996" started-at="2018-05-27T13:12:59Z" finished-at="2018-05-27T13:13:08Z">
          <reporter-output>
          </reporter-output>
        </test-method> <!-- beforeMethod -->
        <test-method status="FAIL" signature="CreateLead(java.lang.String, java.lang.String, java.lang.String, java.lang.String, java.lang.String, java.lang.String)[pri:0, instance:testcases.TC003_CreateLead@136e911]" name="CreateLead" duration-ms="21012" started-at="2018-05-27T13:13:08Z" data-provider="fetchData" finished-at="2018-05-27T13:13:29Z">
          <params>
            <param index="0">
              <value>
                <![CDATA[DemoSalesManager]]>
              </value>
            </param>
            <param index="1">
              <value>
                <![CDATA[crmsfa]]>
              </value>
            </param>
            <param index="2">
              <value>
                <![CDATA[Tata]]>
              </value>
            </param>
            <param index="3">
              <value>
                <![CDATA[Vichu]]>
              </value>
            </param>
            <param index="4">
              <value>
                <![CDATA[V]]>
              </value>
            </param>
            <param index="5">
              <value>
                <![CDATA[Vichu]]>
              </value>
            </param>
          </params>
          <exception class="java.lang.RuntimeException">
            <full-stacktrace>
              <![CDATA[java.lang.RuntimeException
at utils.Reporter.reportStep(Reporter.java:60)
at utils.Reporter.reportStep(Reporter.java:70)
at wdMethods.SeMethods.type(SeMethods.java:122)
at pages.LoginPage.enterUserName(LoginPage.java:26)
at testcases.TC003_CreateLead.CreateLead(TC003_CreateLead.java:25)
at sun.reflect.NativeMethodAccessorImpl.invoke0(Native Method)
at sun.reflect.NativeMethodAccessorImpl.invoke(Unknown Source)
at sun.reflect.DelegatingMethodAccessorImpl.invoke(Unknown Source)
at java.lang.reflect.Method.invoke(Unknown Source)
at org.testng.internal.MethodInvocationHelper.invokeMethod(MethodInvocationHelper.java:124)
at org.testng.internal.Invoker.invokeMethod(Invoker.java:583)
at org.testng.internal.Invoker.invokeTestMethod(Invoker.java:719)
at org.testng.internal.Invoker.invokeTestMethods(Invoker.java:989)
at org.testng.internal.TestMethodWorker.invokeTestMethods(TestMethodWorker.java:125)
at org.testng.internal.TestMethodWorker.run(TestMethodWorker.java:109)
at org.testng.TestRunner.privateRun(TestRunner.java:648)
at org.testng.TestRunner.run(TestRunner.java:505)
at org.testng.SuiteRunner.runTest(SuiteRunner.java:455)
at org.testng.SuiteRunner.runSequentially(SuiteRunner.java:450)
at org.testng.SuiteRunner.privateRun(SuiteRunner.java:415)
at org.testng.SuiteRunner.run(SuiteRunner.java:364)
at org.testng.SuiteRunnerWorker.runSuite(SuiteRunnerWorker.java:52)
at org.testng.SuiteRunnerWorker.run(SuiteRunnerWorker.java:84)
at org.testng.TestNG.runSuitesSequentially(TestNG.java:1208)
at org.testng.TestNG.runSuitesLocally(TestNG.java:1137)
at org.testng.TestNG.runSuites(TestNG.java:1049)
at org.testng.TestNG.run(TestNG.java:1017)
at org.testng.remote.AbstractRemoteTestNG.run(AbstractRemoteTestNG.java:114)
at org.testng.remote.RemoteTestNG.initAndRun(RemoteTestNG.java:251)
at org.testng.remote.RemoteTestNG.main(RemoteTestNG.java:77)
]]>
            </full-stacktrace>
          </exception> <!-- java.lang.RuntimeException -->
          <reporter-output>
          </reporter-output>
        </test-method> <!-- CreateLead -->
        <test-method status="PASS" signature="afterMethod()[pri:0, instance:testcases.TC003_CreateLead@136e911]" name="afterMethod" is-config="true" duration-ms="811" started-at="2018-05-27T13:13:29Z" finished-at="2018-05-27T13:13:30Z">
          <reporter-output>
          </reporter-output>
        </test-method> <!-- afterMethod -->
        <test-method status="PASS" signature="afterTest()[pri:0, instance:testcases.TC003_CreateLead@136e911]" name="afterTest" is-config="true" duration-ms="0" started-at="2018-05-27T13:13:30Z" finished-at="2018-05-27T13:13:30Z">
          <reporter-output>
          </reporter-output>
        </test-method> <!-- afterTest -->
        <test-method status="PASS" signature="afterSuite()[pri:0, instance:testcases.TC003_CreateLead@136e911]" name="afterSuite" is-config="true" duration-ms="363" started-at="2018-05-27T13:13:30Z" finished-at="2018-05-27T13:13:30Z">
          <reporter-output>
          </reporter-output>
        </test-method> <!-- afterSuite -->
      </class> <!-- testcases.TC003_CreateLead -->
    </test> <!-- Test -->
  </suite> <!-- Suite -->
</testng-results>
